<?xml version="1.0" encoding="UTF-8"?>

<TEI xmlns="http://www.tei-c.org/ns/1.0" xml:id="testing">
    <teiHeader>
        <fileDesc>
            <titleStmt>
                <title>This is a test TEI</title>
                <author>Mike B.</author>
            </titleStmt>
            <editionStmt>
                <edition><date/></edition>
            </editionStmt>
            <publicationStmt>
                <publisher><ref target="https://www.ehri-project.eu/">European Holocaust Research
                        Infrastructure</ref></publisher>
                <date>2017-04-27</date>
            </publicationStmt>
            <sourceDesc>
                <bibl>King's College London</bibl>
            </sourceDesc>
        </fileDesc>
        <encodingDesc>
            <projectDesc>
                <p>EHRI Project</p>
            </projectDesc>
        </encodingDesc>
        <profileDesc>
            <creation>
                <idno>test</idno>
                <date when="2017-04-29">29th April 2017</date>,
                <placeName ref="http://www.geonames.org/2643743/">London</placeName></creation>
        </profileDesc>
        <revisionDesc>
            <listChange>
                <change><name/><date/></change>
            </listChange>
        </revisionDesc>
    </teiHeader>
    <text>
        <body>
            <p>A <note>a</note></p>
            <p>
                B <note>b</note>
                C <note>c</note>
            </p>
            <p>
                D <note>d</note>
                <q>E <note>e</note></q>
            </p>
            <p>
                F <note>f</note>
            </p>
        </body>
    </text>
</TEI>
